2026-01-29 10:59:16,352 - ERROR - Image directory not found: input_manuscripts/complex_layout/layout_analysis_output/image-format
2026-01-29 11:01:41,717 - INFO - Using device: cuda
2026-01-29 11:01:41,717 - INFO - Loading model from pretrained_model/vadakautuhala.pth...
2026-01-29 11:01:42,301 - INFO - Model loaded successfully.
2026-01-29 11:01:42,302 - INFO - Starting inference on images in: ../input_manuscripts/complex_layout/layout_analysis_output/image-format
2026-01-29 11:01:51,126 - INFO - Inference completed. Processed 418 images.
2026-01-29 11:01:51,127 - INFO - Organizing recognized text...
2026-01-29 11:01:51,127 - INFO - Updating PAGE-XML files...
2026-01-29 11:01:51,128 - INFO - Updated ../input_manuscripts/complex_layout/layout_analysis_output/page-xml-format/233_0002.xml - 23 lines written.
2026-01-29 11:01:51,139 - INFO - Updated ../input_manuscripts/complex_layout/layout_analysis_output/page-xml-format/233_0003.xml - 22 lines written.
2026-01-29 11:01:51,141 - INFO - Updated ../input_manuscripts/complex_layout/layout_analysis_output/page-xml-format/233_0004.xml - 12 lines written.
2026-01-29 11:01:51,141 - INFO - Updated ../input_manuscripts/complex_layout/layout_analysis_output/page-xml-format/233_0005.xml - 16 lines written.
2026-01-29 11:01:51,142 - INFO - Updated ../input_manuscripts/complex_layout/layout_analysis_output/page-xml-format/233_0006.xml - 22 lines written.
2026-01-29 11:01:51,143 - INFO - Updated ../input_manuscripts/complex_layout/layout_analysis_output/page-xml-format/233_0007.xml - 15 lines written.
2026-01-29 11:01:51,143 - INFO - Updated ../input_manuscripts/complex_layout/layout_analysis_output/page-xml-format/233_0008.xml - 18 lines written.
2026-01-29 11:01:51,144 - INFO - Updated ../input_manuscripts/complex_layout/layout_analysis_output/page-xml-format/233_0009.xml - 19 lines written.
2026-01-29 11:01:51,145 - INFO - Updated ../input_manuscripts/complex_layout/layout_analysis_output/page-xml-format/233_0010.xml - 20 lines written.
2026-01-29 11:01:51,146 - INFO - Updated ../input_manuscripts/complex_layout/layout_analysis_output/page-xml-format/233_0011.xml - 18 lines written.
2026-01-29 11:01:51,146 - INFO - Updated ../input_manuscripts/complex_layout/layout_analysis_output/page-xml-format/233_0012.xml - 23 lines written.
2026-01-29 11:01:51,147 - INFO - Updated ../input_manuscripts/complex_layout/layout_analysis_output/page-xml-format/233_0013.xml - 21 lines written.
2026-01-29 11:01:51,148 - INFO - Updated ../input_manuscripts/complex_layout/layout_analysis_output/page-xml-format/233_0014.xml - 28 lines written.
2026-01-29 11:01:51,149 - INFO - Updated ../input_manuscripts/complex_layout/layout_analysis_output/page-xml-format/233_0015.xml - 21 lines written.
2026-01-29 11:01:51,150 - INFO - Updated ../input_manuscripts/complex_layout/layout_analysis_output/page-xml-format/233_0016.xml - 25 lines written.
2026-01-29 11:01:51,150 - INFO - Updated ../input_manuscripts/complex_layout/layout_analysis_output/page-xml-format/233_0017.xml - 14 lines written.
2026-01-29 11:01:51,151 - INFO - Updated ../input_manuscripts/complex_layout/layout_analysis_output/page-xml-format/233_0018.xml - 30 lines written.
2026-01-29 11:01:51,152 - INFO - Updated ../input_manuscripts/complex_layout/layout_analysis_output/page-xml-format/233_0019.xml - 27 lines written.
2026-01-29 11:01:51,153 - INFO - Updated ../input_manuscripts/complex_layout/layout_analysis_output/page-xml-format/233_0020.xml - 24 lines written.
2026-01-29 11:01:51,154 - INFO - Updated ../input_manuscripts/complex_layout/layout_analysis_output/page-xml-format/233_0021.xml - 20 lines written.
2026-01-29 11:01:51,154 - INFO - Process completed for manuscript: complex_layout
2026-01-29 11:27:39,320 - INFO - Using device: cuda
2026-01-29 11:27:39,321 - INFO - Loading model from pretrained_model/vadakautuhala.pth...
2026-01-29 11:27:39,903 - INFO - Model loaded successfully.
2026-01-29 11:27:39,904 - INFO - Starting inference on images in: ../input_manuscripts/complex_layout/layout_analysis_output/image-format
2026-01-29 11:28:05,262 - INFO - Using device: cuda
2026-01-29 11:28:05,262 - INFO - Loading model from pretrained_model/vadakautuhala.pth...
2026-01-29 11:28:05,794 - INFO - Model loaded successfully.
2026-01-29 11:28:05,794 - INFO - Starting inference on images in: ../input_manuscripts/complex_layout/layout_analysis_output/image-format
2026-01-29 11:28:45,482 - INFO - Using device: cuda
2026-01-29 11:28:45,482 - INFO - Loading model from pretrained_model/vadakautuhala.pth...
2026-01-29 11:28:46,052 - INFO - Model loaded successfully.
2026-01-29 11:28:46,052 - INFO - Starting inference on images in: ../input_manuscripts/complex_layout/layout_analysis_output/image-format
2026-01-29 11:28:57,303 - INFO - Using device: cuda
2026-01-29 11:28:57,303 - INFO - Loading model from pretrained_model/vadakautuhala.pth...
2026-01-29 11:28:57,828 - INFO - Model loaded successfully.
2026-01-29 11:28:57,828 - INFO - Starting inference on images in: ../input_manuscripts/complex_layout/layout_analysis_output/image-format
2026-01-29 11:29:06,230 - INFO - Inference completed. Processed 418 images.
2026-01-29 11:29:06,230 - INFO - Organizing recognized text...
2026-01-29 11:29:06,231 - INFO - Updating PAGE-XML files...
2026-01-29 11:29:06,243 - INFO - Updated ../input_manuscripts/complex_layout/layout_analysis_output/page-xml-format/233_0002.xml - 23 lines written.
2026-01-29 11:29:06,244 - INFO - Updated ../input_manuscripts/complex_layout/layout_analysis_output/page-xml-format/233_0003.xml - 22 lines written.
2026-01-29 11:29:06,246 - INFO - Updated ../input_manuscripts/complex_layout/layout_analysis_output/page-xml-format/233_0004.xml - 12 lines written.
2026-01-29 11:29:06,246 - INFO - Updated ../input_manuscripts/complex_layout/layout_analysis_output/page-xml-format/233_0005.xml - 16 lines written.
2026-01-29 11:29:06,247 - INFO - Updated ../input_manuscripts/complex_layout/layout_analysis_output/page-xml-format/233_0006.xml - 22 lines written.
2026-01-29 11:29:06,248 - INFO - Updated ../input_manuscripts/complex_layout/layout_analysis_output/page-xml-format/233_0007.xml - 15 lines written.
2026-01-29 11:29:06,249 - INFO - Updated ../input_manuscripts/complex_layout/layout_analysis_output/page-xml-format/233_0008.xml - 18 lines written.
2026-01-29 11:29:06,250 - INFO - Updated ../input_manuscripts/complex_layout/layout_analysis_output/page-xml-format/233_0009.xml - 19 lines written.
2026-01-29 11:29:06,251 - INFO - Updated ../input_manuscripts/complex_layout/layout_analysis_output/page-xml-format/233_0010.xml - 20 lines written.
2026-01-29 11:29:06,252 - INFO - Updated ../input_manuscripts/complex_layout/layout_analysis_output/page-xml-format/233_0011.xml - 18 lines written.
2026-01-29 11:29:06,252 - INFO - Updated ../input_manuscripts/complex_layout/layout_analysis_output/page-xml-format/233_0012.xml - 23 lines written.
2026-01-29 11:29:06,253 - INFO - Updated ../input_manuscripts/complex_layout/layout_analysis_output/page-xml-format/233_0013.xml - 21 lines written.
2026-01-29 11:29:06,255 - INFO - Updated ../input_manuscripts/complex_layout/layout_analysis_output/page-xml-format/233_0014.xml - 28 lines written.
2026-01-29 11:29:06,255 - INFO - Updated ../input_manuscripts/complex_layout/layout_analysis_output/page-xml-format/233_0015.xml - 21 lines written.
2026-01-29 11:29:06,257 - INFO - Updated ../input_manuscripts/complex_layout/layout_analysis_output/page-xml-format/233_0016.xml - 25 lines written.
2026-01-29 11:29:06,258 - INFO - Updated ../input_manuscripts/complex_layout/layout_analysis_output/page-xml-format/233_0017.xml - 14 lines written.
2026-01-29 11:29:06,259 - INFO - Updated ../input_manuscripts/complex_layout/layout_analysis_output/page-xml-format/233_0018.xml - 30 lines written.
2026-01-29 11:29:06,260 - INFO - Updated ../input_manuscripts/complex_layout/layout_analysis_output/page-xml-format/233_0019.xml - 27 lines written.
2026-01-29 11:29:06,262 - INFO - Updated ../input_manuscripts/complex_layout/layout_analysis_output/page-xml-format/233_0020.xml - 24 lines written.
2026-01-29 11:29:06,263 - INFO - Updated ../input_manuscripts/complex_layout/layout_analysis_output/page-xml-format/233_0021.xml - 20 lines written.
2026-01-29 11:29:06,263 - INFO - Process completed for manuscript: complex_layout
2026-01-29 11:29:17,427 - INFO - Using device: cuda
2026-01-29 11:29:17,427 - INFO - Loading model from pretrained_model/vadakautuhala.pth...
2026-01-29 11:29:17,980 - INFO - Model loaded successfully.
2026-01-29 11:29:17,980 - INFO - Starting inference on images in: ../input_manuscripts/complex_layout/layout_analysis_output/image-format
2026-01-29 11:29:47,588 - INFO - Using device: cuda
2026-01-29 11:29:47,588 - INFO - Loading model from pretrained_model/vadakautuhala.pth...
2026-01-29 11:29:48,138 - INFO - Model loaded successfully.
2026-01-29 11:29:48,138 - INFO - Starting inference on images in: ../input_manuscripts/complex_layout/layout_analysis_output/image-format
2026-01-29 11:37:10,797 - INFO - Using device: cuda
2026-01-29 11:37:10,797 - INFO - Loading model from pretrained_model/vadakautuhala.pth...
2026-01-29 11:37:11,330 - INFO - Model loaded successfully (DataParallel prefix stripped).
2026-01-29 11:37:11,331 - INFO - Starting inference on images in: ../input_manuscripts/complex_layout/layout_analysis_output/image-format
2026-01-29 11:37:11,559 - INFO - Processed 0 lines...
2026-01-29 11:37:12,754 - INFO - Processed 50 lines...
2026-01-29 11:37:14,169 - INFO - Processed 100 lines...
2026-01-29 11:37:16,057 - INFO - Processed 150 lines...
2026-01-29 11:37:17,590 - INFO - Processed 200 lines...
2026-01-29 11:37:18,777 - INFO - Processed 250 lines...
2026-01-29 11:37:19,929 - INFO - Processed 300 lines...
2026-01-29 11:37:21,072 - INFO - Processed 350 lines...
2026-01-29 11:37:22,243 - INFO - Processed 400 lines...
2026-01-29 11:37:22,650 - INFO - Inference completed. Processed 418 images.
2026-01-29 11:37:22,650 - INFO - Organizing recognized text...
2026-01-29 11:37:22,651 - INFO - Updating PAGE-XML files...
2026-01-29 11:37:22,652 - INFO - Updated ../input_manuscripts/complex_layout/layout_analysis_output/page-xml-format/233_0002.xml - 23 lines written.
2026-01-29 11:37:22,653 - INFO - Updated ../input_manuscripts/complex_layout/layout_analysis_output/page-xml-format/233_0003.xml - 22 lines written.
2026-01-29 11:37:22,654 - INFO - Updated ../input_manuscripts/complex_layout/layout_analysis_output/page-xml-format/233_0004.xml - 12 lines written.
2026-01-29 11:37:22,655 - INFO - Updated ../input_manuscripts/complex_layout/layout_analysis_output/page-xml-format/233_0005.xml - 16 lines written.
2026-01-29 11:37:22,656 - INFO - Updated ../input_manuscripts/complex_layout/layout_analysis_output/page-xml-format/233_0006.xml - 22 lines written.
2026-01-29 11:37:22,657 - INFO - Updated ../input_manuscripts/complex_layout/layout_analysis_output/page-xml-format/233_0007.xml - 15 lines written.
2026-01-29 11:37:22,657 - INFO - Updated ../input_manuscripts/complex_layout/layout_analysis_output/page-xml-format/233_0008.xml - 18 lines written.
2026-01-29 11:37:22,658 - INFO - Updated ../input_manuscripts/complex_layout/layout_analysis_output/page-xml-format/233_0009.xml - 19 lines written.
2026-01-29 11:37:22,662 - INFO - Updated ../input_manuscripts/complex_layout/layout_analysis_output/page-xml-format/233_0010.xml - 20 lines written.
2026-01-29 11:37:22,663 - INFO - Updated ../input_manuscripts/complex_layout/layout_analysis_output/page-xml-format/233_0011.xml - 18 lines written.
2026-01-29 11:37:22,663 - INFO - Updated ../input_manuscripts/complex_layout/layout_analysis_output/page-xml-format/233_0012.xml - 23 lines written.
2026-01-29 11:37:22,664 - INFO - Updated ../input_manuscripts/complex_layout/layout_analysis_output/page-xml-format/233_0013.xml - 21 lines written.
2026-01-29 11:37:22,665 - INFO - Updated ../input_manuscripts/complex_layout/layout_analysis_output/page-xml-format/233_0014.xml - 28 lines written.
2026-01-29 11:37:22,666 - INFO - Updated ../input_manuscripts/complex_layout/layout_analysis_output/page-xml-format/233_0015.xml - 21 lines written.
2026-01-29 11:37:22,667 - INFO - Updated ../input_manuscripts/complex_layout/layout_analysis_output/page-xml-format/233_0016.xml - 25 lines written.
2026-01-29 11:37:22,668 - INFO - Updated ../input_manuscripts/complex_layout/layout_analysis_output/page-xml-format/233_0017.xml - 14 lines written.
2026-01-29 11:37:22,669 - INFO - Updated ../input_manuscripts/complex_layout/layout_analysis_output/page-xml-format/233_0018.xml - 30 lines written.
2026-01-29 11:37:22,670 - INFO - Updated ../input_manuscripts/complex_layout/layout_analysis_output/page-xml-format/233_0019.xml - 27 lines written.
2026-01-29 11:37:22,671 - INFO - Updated ../input_manuscripts/complex_layout/layout_analysis_output/page-xml-format/233_0020.xml - 24 lines written.
2026-01-29 11:37:22,672 - INFO - Updated ../input_manuscripts/complex_layout/layout_analysis_output/page-xml-format/233_0021.xml - 20 lines written.
2026-01-29 11:37:22,672 - INFO - Process completed for manuscript: complex_layout
2026-01-30 11:16:05,562 - INFO - Using device: cuda
2026-01-30 11:16:05,562 - INFO - Loading model from pretrained_model/vadakautuhala.pth...
2026-01-30 11:16:06,042 - ERROR - Critical error loading model: Model file not found at: pretrained_model/vadakautuhala.pth
2026-01-30 11:19:33,123 - INFO - Using device: cuda
2026-01-30 11:19:33,123 - INFO - Loading model from pretrained_model/vadakautuhala.pth...
2026-01-30 11:19:33,700 - INFO - Model loaded successfully (DataParallel prefix stripped).
2026-01-30 11:19:33,700 - INFO - Starting inference on images in: ../input_manuscripts/complex_structure/layout_analysis_output/image-format
2026-01-30 11:19:33,947 - INFO - Processed 0 lines...
2026-01-30 11:19:35,025 - INFO - Inference completed. Processed 40 images.
2026-01-30 11:19:35,026 - INFO - Organizing recognized text...
2026-01-30 11:19:35,026 - INFO - Updating PAGE-XML files...
2026-01-30 11:19:35,037 - INFO - Updated ../input_manuscripts/complex_structure/layout_analysis_output/page-xml-format/233_0002.xml - 20 lines written.
2026-01-30 11:19:35,038 - INFO - Updated ../input_manuscripts/complex_structure/layout_analysis_output/page-xml-format/233_0003.xml - 20 lines written.
2026-01-30 11:19:35,038 - INFO - Process completed for manuscript: complex_structure
2026-02-02 13:10:51,374 - INFO - Using device: cuda
2026-02-02 13:10:51,374 - INFO - Loading model from pretrained_model/vadakautuhala.pth...
2026-02-02 13:10:51,874 - INFO - Model loaded successfully (DataParallel prefix stripped).
2026-02-02 13:10:51,874 - INFO - Starting inference on images in: ../input_manuscripts/complex_easyocr_8/layout_analysis_output/image-format
2026-02-02 13:10:52,094 - INFO - Processed 0 lines...
2026-02-02 13:10:53,457 - INFO - Processed 50 lines...
2026-02-02 13:10:54,820 - INFO - Processed 100 lines...
2026-02-02 13:10:55,697 - INFO - Inference completed. Processed 133 images.
2026-02-02 13:10:55,697 - INFO - Organizing recognized text...
2026-02-02 13:10:55,697 - INFO - Updating PAGE-XML files...
2026-02-02 13:10:55,708 - INFO - Updated ../input_manuscripts/complex_easyocr_8/layout_analysis_output/page-xml-format/233_0002.xml - 20 lines written.
2026-02-02 13:10:55,709 - INFO - Updated ../input_manuscripts/complex_easyocr_8/layout_analysis_output/page-xml-format/233_0003.xml - 20 lines written.
2026-02-02 13:10:55,709 - INFO - Updated ../input_manuscripts/complex_easyocr_8/layout_analysis_output/page-xml-format/233_0004.xml - 10 lines written.
2026-02-02 13:10:55,710 - INFO - Updated ../input_manuscripts/complex_easyocr_8/layout_analysis_output/page-xml-format/233_0005.xml - 16 lines written.
2026-02-02 13:10:55,711 - INFO - Updated ../input_manuscripts/complex_easyocr_8/layout_analysis_output/page-xml-format/233_0006.xml - 20 lines written.
2026-02-02 13:10:55,711 - INFO - Updated ../input_manuscripts/complex_easyocr_8/layout_analysis_output/page-xml-format/233_0007.xml - 12 lines written.
2026-02-02 13:10:55,712 - INFO - Updated ../input_manuscripts/complex_easyocr_8/layout_analysis_output/page-xml-format/233_0008.xml - 15 lines written.
2026-02-02 13:10:55,713 - INFO - Updated ../input_manuscripts/complex_easyocr_8/layout_analysis_output/page-xml-format/233_0009.xml - 20 lines written.
2026-02-02 13:10:55,713 - INFO - Process completed for manuscript: complex_easyocr_8
2026-02-02 14:51:56,977 - INFO - Using device: cuda
2026-02-02 14:51:56,977 - INFO - Loading model from pretrained_model/vadakautuhala.pth...
2026-02-02 14:51:57,441 - INFO - Model loaded successfully (DataParallel prefix stripped).
2026-02-02 14:51:57,442 - INFO - Starting inference on images in: ../input_manuscripts/complex_layout_remaining_12pages/layout_analysis_output/image-format
2026-02-02 14:51:57,682 - INFO - Processed 0 lines...
2026-02-02 14:51:58,771 - INFO - Processed 50 lines...
2026-02-02 14:51:59,869 - INFO - Processed 100 lines...
2026-02-02 14:52:00,933 - INFO - Processed 150 lines...
2026-02-02 14:52:02,008 - INFO - Processed 200 lines...
2026-02-02 14:52:03,069 - INFO - Processed 250 lines...
2026-02-02 14:52:03,558 - INFO - Inference completed. Processed 274 images.
2026-02-02 14:52:03,558 - INFO - Organizing recognized text...
2026-02-02 14:52:03,559 - INFO - Updating PAGE-XML files...
2026-02-02 14:52:03,560 - INFO - Updated ../input_manuscripts/complex_layout_remaining_12pages/layout_analysis_output/page-xml-format/233_0010.xml - 21 lines written.
2026-02-02 14:52:03,560 - INFO - Updated ../input_manuscripts/complex_layout_remaining_12pages/layout_analysis_output/page-xml-format/233_0011.xml - 18 lines written.
2026-02-02 14:52:03,561 - INFO - Updated ../input_manuscripts/complex_layout_remaining_12pages/layout_analysis_output/page-xml-format/233_0012.xml - 24 lines written.
2026-02-02 14:52:03,562 - INFO - Updated ../input_manuscripts/complex_layout_remaining_12pages/layout_analysis_output/page-xml-format/233_0013.xml - 21 lines written.
2026-02-02 14:52:03,563 - INFO - Updated ../input_manuscripts/complex_layout_remaining_12pages/layout_analysis_output/page-xml-format/233_0014.xml - 29 lines written.
2026-02-02 14:52:03,563 - INFO - Updated ../input_manuscripts/complex_layout_remaining_12pages/layout_analysis_output/page-xml-format/233_0015.xml - 21 lines written.
2026-02-02 14:52:03,564 - INFO - Updated ../input_manuscripts/complex_layout_remaining_12pages/layout_analysis_output/page-xml-format/233_0016.xml - 26 lines written.
2026-02-02 14:52:03,564 - INFO - Updated ../input_manuscripts/complex_layout_remaining_12pages/layout_analysis_output/page-xml-format/233_0017.xml - 14 lines written.
2026-02-02 14:52:03,570 - INFO - Updated ../input_manuscripts/complex_layout_remaining_12pages/layout_analysis_output/page-xml-format/233_0018.xml - 30 lines written.
2026-02-02 14:52:03,571 - INFO - Updated ../input_manuscripts/complex_layout_remaining_12pages/layout_analysis_output/page-xml-format/233_0019.xml - 26 lines written.
2026-02-02 14:52:03,571 - INFO - Updated ../input_manuscripts/complex_layout_remaining_12pages/layout_analysis_output/page-xml-format/233_0020.xml - 24 lines written.
2026-02-02 14:52:03,572 - INFO - Updated ../input_manuscripts/complex_layout_remaining_12pages/layout_analysis_output/page-xml-format/233_0021.xml - 20 lines written.
2026-02-02 14:52:03,572 - INFO - Process completed for manuscript: complex_layout_remaining_12pages
2026-02-03 09:55:44,271 - INFO - Using device: cuda
2026-02-03 09:55:44,271 - INFO - Loading model from pretrained_model/vadakautuhala.pth...
2026-02-03 09:55:45,581 - INFO - Model loaded successfully (DataParallel prefix stripped).
2026-02-03 09:55:45,581 - INFO - Starting inference on images in: ../input_manuscripts/complex_layout_remaining_12_pages/layout_analysis_output/image-format
2026-02-03 09:55:47,018 - INFO - Processed 0 lines...
2026-02-03 09:56:22,343 - INFO - Processed 50 lines...
2026-02-03 09:56:53,526 - INFO - Processed 100 lines...
2026-02-03 09:57:22,504 - INFO - Processed 150 lines...
2026-02-03 09:57:53,881 - INFO - Processed 200 lines...
2026-02-03 09:58:28,382 - INFO - Processed 250 lines...
2026-02-03 09:58:40,593 - INFO - Inference completed. Processed 272 images.
2026-02-03 09:58:40,593 - INFO - Organizing recognized text...
2026-02-03 09:58:40,594 - INFO - Updating PAGE-XML files...
2026-02-03 09:58:40,606 - INFO - Updated ../input_manuscripts/complex_layout_remaining_12_pages/layout_analysis_output/page-xml-format/233_0010.xml - 20 lines written.
2026-02-03 09:58:40,606 - INFO - Updated ../input_manuscripts/complex_layout_remaining_12_pages/layout_analysis_output/page-xml-format/233_0011.xml - 18 lines written.
2026-02-03 09:58:40,607 - INFO - Updated ../input_manuscripts/complex_layout_remaining_12_pages/layout_analysis_output/page-xml-format/233_0012.xml - 23 lines written.
2026-02-03 09:58:40,608 - INFO - Updated ../input_manuscripts/complex_layout_remaining_12_pages/layout_analysis_output/page-xml-format/233_0013.xml - 21 lines written.
2026-02-03 09:58:40,608 - INFO - Updated ../input_manuscripts/complex_layout_remaining_12_pages/layout_analysis_output/page-xml-format/233_0014.xml - 28 lines written.
2026-02-03 09:58:40,609 - INFO - Updated ../input_manuscripts/complex_layout_remaining_12_pages/layout_analysis_output/page-xml-format/233_0015.xml - 21 lines written.
2026-02-03 09:58:40,610 - INFO - Updated ../input_manuscripts/complex_layout_remaining_12_pages/layout_analysis_output/page-xml-format/233_0016.xml - 25 lines written.
2026-02-03 09:58:40,610 - INFO - Updated ../input_manuscripts/complex_layout_remaining_12_pages/layout_analysis_output/page-xml-format/233_0017.xml - 14 lines written.
2026-02-03 09:58:40,611 - INFO - Updated ../input_manuscripts/complex_layout_remaining_12_pages/layout_analysis_output/page-xml-format/233_0018.xml - 30 lines written.
2026-02-03 09:58:40,611 - INFO - Updated ../input_manuscripts/complex_layout_remaining_12_pages/layout_analysis_output/page-xml-format/233_0019.xml - 28 lines written.
2026-02-03 09:58:40,612 - INFO - Updated ../input_manuscripts/complex_layout_remaining_12_pages/layout_analysis_output/page-xml-format/233_0020.xml - 24 lines written.
2026-02-03 09:58:40,613 - INFO - Updated ../input_manuscripts/complex_layout_remaining_12_pages/layout_analysis_output/page-xml-format/233_0021.xml - 20 lines written.
2026-02-03 09:58:40,613 - INFO - Process completed for manuscript: complex_layout_remaining_12_pages
2026-02-03 17:19:29,309 - INFO - Using device: cuda
2026-02-03 17:19:29,309 - INFO - Loading model from pretrained_model/vadakautuhala.pth...
2026-02-03 17:19:30,542 - INFO - Model loaded successfully (DataParallel prefix stripped).
2026-02-03 17:19:30,542 - INFO - Starting inference on images in: ../input_manuscripts/complex_15_easyocr/layout_analysis_output/image-format
2026-02-03 17:19:31,681 - INFO - Processed 0 lines...
2026-02-03 17:20:02,754 - INFO - Processed 50 lines...
2026-02-03 17:20:32,388 - INFO - Processed 100 lines...
2026-02-03 17:21:00,915 - INFO - Processed 150 lines...
2026-02-03 17:21:34,430 - INFO - Processed 200 lines...
2026-02-03 17:22:04,065 - INFO - Processed 250 lines...
2026-02-03 17:22:22,445 - INFO - Inference completed. Processed 288 images.
2026-02-03 17:22:22,446 - INFO - Organizing recognized text...
2026-02-03 17:22:22,446 - INFO - Updating PAGE-XML files...
2026-02-03 17:22:22,447 - INFO - Updated ../input_manuscripts/complex_15_easyocr/layout_analysis_output/page-xml-format/233_0002.xml - 20 lines written.
2026-02-03 17:22:22,447 - INFO - Updated ../input_manuscripts/complex_15_easyocr/layout_analysis_output/page-xml-format/233_0003.xml - 20 lines written.
2026-02-03 17:22:22,448 - INFO - Updated ../input_manuscripts/complex_15_easyocr/layout_analysis_output/page-xml-format/233_0004.xml - 10 lines written.
2026-02-03 17:22:22,448 - INFO - Updated ../input_manuscripts/complex_15_easyocr/layout_analysis_output/page-xml-format/233_0005.xml - 16 lines written.
2026-02-03 17:22:22,449 - INFO - Updated ../input_manuscripts/complex_15_easyocr/layout_analysis_output/page-xml-format/233_0006.xml - 20 lines written.
2026-02-03 17:22:22,449 - INFO - Updated ../input_manuscripts/complex_15_easyocr/layout_analysis_output/page-xml-format/233_0007.xml - 12 lines written.
2026-02-03 17:22:22,449 - INFO - Updated ../input_manuscripts/complex_15_easyocr/layout_analysis_output/page-xml-format/233_0008.xml - 15 lines written.
2026-02-03 17:22:22,450 - INFO - Updated ../input_manuscripts/complex_15_easyocr/layout_analysis_output/page-xml-format/233_0009.xml - 20 lines written.
2026-02-03 17:22:22,450 - INFO - Updated ../input_manuscripts/complex_15_easyocr/layout_analysis_output/page-xml-format/233_0010.xml - 22 lines written.
2026-02-03 17:22:22,451 - INFO - Updated ../input_manuscripts/complex_15_easyocr/layout_analysis_output/page-xml-format/233_0011.xml - 18 lines written.
2026-02-03 17:22:22,451 - INFO - Updated ../input_manuscripts/complex_15_easyocr/layout_analysis_output/page-xml-format/233_0012.xml - 22 lines written.
2026-02-03 17:22:22,451 - INFO - Updated ../input_manuscripts/complex_15_easyocr/layout_analysis_output/page-xml-format/233_0013.xml - 23 lines written.
2026-02-03 17:22:22,452 - INFO - Updated ../input_manuscripts/complex_15_easyocr/layout_analysis_output/page-xml-format/233_0014.xml - 26 lines written.
2026-02-03 17:22:22,452 - INFO - Updated ../input_manuscripts/complex_15_easyocr/layout_analysis_output/page-xml-format/233_0015.xml - 19 lines written.
2026-02-03 17:22:22,453 - INFO - Updated ../input_manuscripts/complex_15_easyocr/layout_analysis_output/page-xml-format/233_0016.xml - 25 lines written.
2026-02-03 17:22:22,453 - INFO - Process completed for manuscript: complex_15_easyocr
2026-02-03 17:49:32,978 - INFO - Using device: cuda
2026-02-03 17:49:32,978 - INFO - Loading model from pretrained_model/vadakautuhala.pth...
2026-02-03 17:49:34,224 - INFO - Model loaded successfully (DataParallel prefix stripped).
2026-02-03 17:49:34,224 - INFO - Starting inference on images in: ../input_manuscripts/simple_easyocr/layout_analysis_output/image-format
2026-02-03 17:49:35,279 - INFO - Processed 0 lines...
2026-02-03 17:50:09,640 - INFO - Processed 50 lines...
2026-02-03 17:50:42,466 - INFO - Processed 100 lines...
2026-02-03 17:51:11,116 - INFO - Processed 150 lines...
2026-02-03 17:51:42,183 - INFO - Processed 200 lines...
2026-02-03 17:52:15,282 - INFO - Processed 250 lines...
2026-02-03 17:52:46,732 - INFO - Processed 300 lines...
2026-02-03 17:53:20,815 - INFO - Processed 350 lines...
2026-02-03 17:53:54,148 - INFO - Processed 400 lines...
2026-02-03 17:54:25,597 - INFO - Processed 450 lines...
2026-02-03 17:54:57,021 - INFO - Processed 500 lines...
2026-02-03 17:55:28,427 - INFO - Processed 550 lines...
2026-02-03 17:55:59,929 - INFO - Processed 600 lines...
2026-02-03 17:56:31,994 - INFO - Processed 650 lines...
2026-02-03 17:57:08,156 - INFO - Processed 700 lines...
2026-02-03 17:57:09,794 - INFO - Inference completed. Processed 704 images.
2026-02-03 17:57:09,794 - INFO - Organizing recognized text...
2026-02-03 17:57:09,795 - INFO - Updating PAGE-XML files...
2026-02-03 17:57:09,796 - INFO - Updated ../input_manuscripts/simple_easyocr/layout_analysis_output/page-xml-format/3976_0002.xml - 12 lines written.
2026-02-03 17:57:09,797 - INFO - Updated ../input_manuscripts/simple_easyocr/layout_analysis_output/page-xml-format/3976_0003.xml - 12 lines written.
2026-02-03 17:57:09,797 - INFO - Updated ../input_manuscripts/simple_easyocr/layout_analysis_output/page-xml-format/3976_0004.xml - 15 lines written.
2026-02-03 17:57:09,798 - INFO - Updated ../input_manuscripts/simple_easyocr/layout_analysis_output/page-xml-format/3976_0005.xml - 12 lines written.
2026-02-03 17:57:09,798 - INFO - Updated ../input_manuscripts/simple_easyocr/layout_analysis_output/page-xml-format/3976_0006.xml - 13 lines written.
2026-02-03 17:57:09,799 - INFO - Updated ../input_manuscripts/simple_easyocr/layout_analysis_output/page-xml-format/3976_0007.xml - 13 lines written.
2026-02-03 17:57:09,799 - INFO - Updated ../input_manuscripts/simple_easyocr/layout_analysis_output/page-xml-format/3976_0008.xml - 13 lines written.
2026-02-03 17:57:09,800 - INFO - Updated ../input_manuscripts/simple_easyocr/layout_analysis_output/page-xml-format/3976_0009.xml - 13 lines written.
2026-02-03 17:57:09,806 - INFO - Updated ../input_manuscripts/simple_easyocr/layout_analysis_output/page-xml-format/3976_0010.xml - 16 lines written.
2026-02-03 17:57:09,807 - INFO - Updated ../input_manuscripts/simple_easyocr/layout_analysis_output/page-xml-format/3976_0011.xml - 12 lines written.
2026-02-03 17:57:09,808 - INFO - Updated ../input_manuscripts/simple_easyocr/layout_analysis_output/page-xml-format/3976_0012.xml - 14 lines written.
2026-02-03 17:57:09,808 - INFO - Updated ../input_manuscripts/simple_easyocr/layout_analysis_output/page-xml-format/3976_0013.xml - 14 lines written.
2026-02-03 17:57:09,809 - INFO - Updated ../input_manuscripts/simple_easyocr/layout_analysis_output/page-xml-format/3976_0014.xml - 13 lines written.
2026-02-03 17:57:09,809 - INFO - Updated ../input_manuscripts/simple_easyocr/layout_analysis_output/page-xml-format/3976_0015.xml - 14 lines written.
2026-02-03 17:57:09,810 - INFO - Updated ../input_manuscripts/simple_easyocr/layout_analysis_output/page-xml-format/3976_0016.xml - 14 lines written.
2026-02-03 17:57:09,810 - INFO - Updated ../input_manuscripts/simple_easyocr/layout_analysis_output/page-xml-format/3976_0017.xml - 14 lines written.
2026-02-03 17:57:09,811 - INFO - Updated ../input_manuscripts/simple_easyocr/layout_analysis_output/page-xml-format/3976_0018.xml - 13 lines written.
2026-02-03 17:57:09,811 - INFO - Updated ../input_manuscripts/simple_easyocr/layout_analysis_output/page-xml-format/3976_0019.xml - 14 lines written.
2026-02-03 17:57:09,812 - INFO - Updated ../input_manuscripts/simple_easyocr/layout_analysis_output/page-xml-format/3976_0020.xml - 16 lines written.
2026-02-03 17:57:09,812 - INFO - Updated ../input_manuscripts/simple_easyocr/layout_analysis_output/page-xml-format/3976_0021.xml - 13 lines written.
2026-02-03 17:57:09,813 - INFO - Updated ../input_manuscripts/simple_easyocr/layout_analysis_output/page-xml-format/3976_0022.xml - 13 lines written.
2026-02-03 17:57:09,813 - INFO - Updated ../input_manuscripts/simple_easyocr/layout_analysis_output/page-xml-format/3976_0023.xml - 15 lines written.
2026-02-03 17:57:09,814 - INFO - Updated ../input_manuscripts/simple_easyocr/layout_analysis_output/page-xml-format/3976_0024.xml - 14 lines written.
2026-02-03 17:57:09,814 - INFO - Updated ../input_manuscripts/simple_easyocr/layout_analysis_output/page-xml-format/3976_0025.xml - 15 lines written.
2026-02-03 17:57:09,815 - INFO - Updated ../input_manuscripts/simple_easyocr/layout_analysis_output/page-xml-format/3976_0026.xml - 13 lines written.
2026-02-03 17:57:09,815 - INFO - Updated ../input_manuscripts/simple_easyocr/layout_analysis_output/page-xml-format/3976_0027.xml - 13 lines written.
2026-02-03 17:57:09,816 - INFO - Updated ../input_manuscripts/simple_easyocr/layout_analysis_output/page-xml-format/3976_0028.xml - 14 lines written.
2026-02-03 17:57:09,816 - INFO - Updated ../input_manuscripts/simple_easyocr/layout_analysis_output/page-xml-format/3976_0029.xml - 13 lines written.
2026-02-03 17:57:09,817 - INFO - Updated ../input_manuscripts/simple_easyocr/layout_analysis_output/page-xml-format/3976_0030.xml - 17 lines written.
2026-02-03 17:57:09,817 - INFO - Updated ../input_manuscripts/simple_easyocr/layout_analysis_output/page-xml-format/3976_0031.xml - 14 lines written.
2026-02-03 17:57:09,819 - INFO - Updated ../input_manuscripts/simple_easyocr/layout_analysis_output/page-xml-format/3976_0032.xml - 16 lines written.
2026-02-03 17:57:09,819 - INFO - Updated ../input_manuscripts/simple_easyocr/layout_analysis_output/page-xml-format/3976_0033.xml - 14 lines written.
2026-02-03 17:57:09,820 - INFO - Updated ../input_manuscripts/simple_easyocr/layout_analysis_output/page-xml-format/3976_0034.xml - 14 lines written.
2026-02-03 17:57:09,820 - INFO - Updated ../input_manuscripts/simple_easyocr/layout_analysis_output/page-xml-format/3976_0035.xml - 13 lines written.
2026-02-03 17:57:09,821 - INFO - Updated ../input_manuscripts/simple_easyocr/layout_analysis_output/page-xml-format/3976_0036.xml - 15 lines written.
2026-02-03 17:57:09,821 - INFO - Updated ../input_manuscripts/simple_easyocr/layout_analysis_output/page-xml-format/3976_0037.xml - 16 lines written.
2026-02-03 17:57:09,822 - INFO - Updated ../input_manuscripts/simple_easyocr/layout_analysis_output/page-xml-format/3976_0038.xml - 15 lines written.
2026-02-03 17:57:09,822 - INFO - Updated ../input_manuscripts/simple_easyocr/layout_analysis_output/page-xml-format/3976_0039.xml - 14 lines written.
2026-02-03 17:57:09,823 - INFO - Updated ../input_manuscripts/simple_easyocr/layout_analysis_output/page-xml-format/3976_0040.xml - 16 lines written.
2026-02-03 17:57:09,823 - INFO - Updated ../input_manuscripts/simple_easyocr/layout_analysis_output/page-xml-format/3976_0041.xml - 15 lines written.
2026-02-03 17:57:09,824 - INFO - Updated ../input_manuscripts/simple_easyocr/layout_analysis_output/page-xml-format/3976_0042.xml - 14 lines written.
2026-02-03 17:57:09,824 - INFO - Updated ../input_manuscripts/simple_easyocr/layout_analysis_output/page-xml-format/3976_0043.xml - 13 lines written.
2026-02-03 17:57:09,825 - INFO - Updated ../input_manuscripts/simple_easyocr/layout_analysis_output/page-xml-format/3976_0044.xml - 16 lines written.
2026-02-03 17:57:09,825 - INFO - Updated ../input_manuscripts/simple_easyocr/layout_analysis_output/page-xml-format/3976_0045.xml - 13 lines written.
2026-02-03 17:57:09,826 - INFO - Updated ../input_manuscripts/simple_easyocr/layout_analysis_output/page-xml-format/3976_0046.xml - 14 lines written.
2026-02-03 17:57:09,826 - INFO - Updated ../input_manuscripts/simple_easyocr/layout_analysis_output/page-xml-format/3976_0047.xml - 14 lines written.
2026-02-03 17:57:09,827 - INFO - Updated ../input_manuscripts/simple_easyocr/layout_analysis_output/page-xml-format/3976_0048.xml - 16 lines written.
2026-02-03 17:57:09,827 - INFO - Updated ../input_manuscripts/simple_easyocr/layout_analysis_output/page-xml-format/3976_0049.xml - 14 lines written.
2026-02-03 17:57:09,828 - INFO - Updated ../input_manuscripts/simple_easyocr/layout_analysis_output/page-xml-format/3976_0050.xml - 16 lines written.
2026-02-03 17:57:09,828 - INFO - Updated ../input_manuscripts/simple_easyocr/layout_analysis_output/page-xml-format/3976_0051.xml - 15 lines written.
2026-02-03 17:57:09,829 - INFO - Process completed for manuscript: simple_easyocr
2026-02-04 14:04:17,304 - INFO - Using device: cuda
2026-02-04 14:04:17,304 - INFO - Loading model from pretrained_model/vadakautuhala.pth...
2026-02-04 14:04:18,655 - INFO - Model loaded successfully (DataParallel prefix stripped).
2026-02-04 14:04:18,655 - INFO - Starting inference on images in: ../input_manuscripts/simple_perfect_layout_easyocr/layout_analysis_output/image-format
2026-02-04 14:04:19,938 - INFO - Processed 0 lines...
2026-02-04 14:04:51,891 - INFO - Processed 50 lines...
2026-02-04 14:05:25,957 - INFO - Processed 100 lines...
2026-02-04 14:05:57,599 - INFO - Processed 150 lines...
2026-02-04 14:06:35,960 - INFO - Processed 200 lines...
2026-02-04 14:07:12,026 - INFO - Processed 250 lines...
2026-02-04 14:07:43,788 - INFO - Processed 300 lines...
2026-02-04 14:08:15,605 - INFO - Processed 350 lines...
2026-02-04 14:08:47,317 - INFO - Processed 400 lines...
2026-02-04 14:09:22,171 - INFO - Processed 450 lines...
2026-02-04 14:09:56,614 - INFO - Processed 500 lines...
2026-02-04 14:10:34,383 - INFO - Processed 550 lines...
2026-02-04 14:11:17,833 - INFO - Processed 600 lines...
2026-02-04 14:11:55,771 - INFO - Processed 650 lines...
2026-02-04 14:12:28,785 - INFO - Processed 700 lines...
2026-02-04 14:12:28,875 - INFO - Inference completed. Processed 705 images.
2026-02-04 14:12:28,875 - INFO - Organizing recognized text...
2026-02-04 14:12:28,876 - INFO - Updating PAGE-XML files...
2026-02-04 14:12:28,878 - INFO - Updated ../input_manuscripts/simple_perfect_layout_easyocr/layout_analysis_output/page-xml-format/3976_0002.xml - 12 lines written.
2026-02-04 14:12:28,879 - INFO - Updated ../input_manuscripts/simple_perfect_layout_easyocr/layout_analysis_output/page-xml-format/3976_0003.xml - 12 lines written.
2026-02-04 14:12:28,879 - INFO - Updated ../input_manuscripts/simple_perfect_layout_easyocr/layout_analysis_output/page-xml-format/3976_0004.xml - 15 lines written.
2026-02-04 14:12:28,880 - INFO - Updated ../input_manuscripts/simple_perfect_layout_easyocr/layout_analysis_output/page-xml-format/3976_0005.xml - 12 lines written.
2026-02-04 14:12:28,880 - INFO - Updated ../input_manuscripts/simple_perfect_layout_easyocr/layout_analysis_output/page-xml-format/3976_0006.xml - 13 lines written.
2026-02-04 14:12:28,881 - INFO - Updated ../input_manuscripts/simple_perfect_layout_easyocr/layout_analysis_output/page-xml-format/3976_0007.xml - 13 lines written.
2026-02-04 14:12:28,882 - INFO - Updated ../input_manuscripts/simple_perfect_layout_easyocr/layout_analysis_output/page-xml-format/3976_0008.xml - 13 lines written.
2026-02-04 14:12:28,883 - INFO - Updated ../input_manuscripts/simple_perfect_layout_easyocr/layout_analysis_output/page-xml-format/3976_0009.xml - 13 lines written.
2026-02-04 14:12:28,883 - INFO - Updated ../input_manuscripts/simple_perfect_layout_easyocr/layout_analysis_output/page-xml-format/3976_0010.xml - 16 lines written.
2026-02-04 14:12:28,884 - INFO - Updated ../input_manuscripts/simple_perfect_layout_easyocr/layout_analysis_output/page-xml-format/3976_0011.xml - 12 lines written.
2026-02-04 14:12:28,885 - INFO - Updated ../input_manuscripts/simple_perfect_layout_easyocr/layout_analysis_output/page-xml-format/3976_0012.xml - 14 lines written.
2026-02-04 14:12:28,885 - INFO - Updated ../input_manuscripts/simple_perfect_layout_easyocr/layout_analysis_output/page-xml-format/3976_0013.xml - 14 lines written.
2026-02-04 14:12:28,886 - INFO - Updated ../input_manuscripts/simple_perfect_layout_easyocr/layout_analysis_output/page-xml-format/3976_0014.xml - 13 lines written.
2026-02-04 14:12:28,886 - INFO - Updated ../input_manuscripts/simple_perfect_layout_easyocr/layout_analysis_output/page-xml-format/3976_0015.xml - 14 lines written.
2026-02-04 14:12:28,887 - INFO - Updated ../input_manuscripts/simple_perfect_layout_easyocr/layout_analysis_output/page-xml-format/3976_0016.xml - 14 lines written.
2026-02-04 14:12:28,888 - INFO - Updated ../input_manuscripts/simple_perfect_layout_easyocr/layout_analysis_output/page-xml-format/3976_0017.xml - 14 lines written.
2026-02-04 14:12:28,888 - INFO - Updated ../input_manuscripts/simple_perfect_layout_easyocr/layout_analysis_output/page-xml-format/3976_0018.xml - 13 lines written.
2026-02-04 14:12:28,889 - INFO - Updated ../input_manuscripts/simple_perfect_layout_easyocr/layout_analysis_output/page-xml-format/3976_0019.xml - 14 lines written.
2026-02-04 14:12:28,889 - INFO - Updated ../input_manuscripts/simple_perfect_layout_easyocr/layout_analysis_output/page-xml-format/3976_0020.xml - 16 lines written.
2026-02-04 14:12:28,890 - INFO - Updated ../input_manuscripts/simple_perfect_layout_easyocr/layout_analysis_output/page-xml-format/3976_0021.xml - 13 lines written.
2026-02-04 14:12:28,890 - INFO - Updated ../input_manuscripts/simple_perfect_layout_easyocr/layout_analysis_output/page-xml-format/3976_0022.xml - 13 lines written.
2026-02-04 14:12:28,891 - INFO - Updated ../input_manuscripts/simple_perfect_layout_easyocr/layout_analysis_output/page-xml-format/3976_0023.xml - 15 lines written.
2026-02-04 14:12:28,892 - INFO - Updated ../input_manuscripts/simple_perfect_layout_easyocr/layout_analysis_output/page-xml-format/3976_0024.xml - 14 lines written.
2026-02-04 14:12:28,892 - INFO - Updated ../input_manuscripts/simple_perfect_layout_easyocr/layout_analysis_output/page-xml-format/3976_0025.xml - 15 lines written.
2026-02-04 14:12:28,893 - INFO - Updated ../input_manuscripts/simple_perfect_layout_easyocr/layout_analysis_output/page-xml-format/3976_0026.xml - 13 lines written.
2026-02-04 14:12:28,893 - INFO - Updated ../input_manuscripts/simple_perfect_layout_easyocr/layout_analysis_output/page-xml-format/3976_0027.xml - 13 lines written.
2026-02-04 14:12:28,894 - INFO - Updated ../input_manuscripts/simple_perfect_layout_easyocr/layout_analysis_output/page-xml-format/3976_0028.xml - 14 lines written.
2026-02-04 14:12:28,895 - INFO - Updated ../input_manuscripts/simple_perfect_layout_easyocr/layout_analysis_output/page-xml-format/3976_0029.xml - 13 lines written.
2026-02-04 14:12:28,895 - INFO - Updated ../input_manuscripts/simple_perfect_layout_easyocr/layout_analysis_output/page-xml-format/3976_0030.xml - 17 lines written.
2026-02-04 14:12:28,896 - INFO - Updated ../input_manuscripts/simple_perfect_layout_easyocr/layout_analysis_output/page-xml-format/3976_0031.xml - 14 lines written.
2026-02-04 14:12:28,899 - INFO - Updated ../input_manuscripts/simple_perfect_layout_easyocr/layout_analysis_output/page-xml-format/3976_0032.xml - 16 lines written.
2026-02-04 14:12:28,900 - INFO - Updated ../input_manuscripts/simple_perfect_layout_easyocr/layout_analysis_output/page-xml-format/3976_0033.xml - 14 lines written.
2026-02-04 14:12:28,900 - INFO - Updated ../input_manuscripts/simple_perfect_layout_easyocr/layout_analysis_output/page-xml-format/3976_0034.xml - 15 lines written.
2026-02-04 14:12:28,901 - INFO - Updated ../input_manuscripts/simple_perfect_layout_easyocr/layout_analysis_output/page-xml-format/3976_0035.xml - 13 lines written.
2026-02-04 14:12:28,902 - INFO - Updated ../input_manuscripts/simple_perfect_layout_easyocr/layout_analysis_output/page-xml-format/3976_0036.xml - 15 lines written.
2026-02-04 14:12:28,903 - INFO - Updated ../input_manuscripts/simple_perfect_layout_easyocr/layout_analysis_output/page-xml-format/3976_0037.xml - 16 lines written.
2026-02-04 14:12:28,904 - INFO - Updated ../input_manuscripts/simple_perfect_layout_easyocr/layout_analysis_output/page-xml-format/3976_0038.xml - 15 lines written.
2026-02-04 14:12:28,905 - INFO - Updated ../input_manuscripts/simple_perfect_layout_easyocr/layout_analysis_output/page-xml-format/3976_0039.xml - 14 lines written.
2026-02-04 14:12:28,905 - INFO - Updated ../input_manuscripts/simple_perfect_layout_easyocr/layout_analysis_output/page-xml-format/3976_0040.xml - 16 lines written.
2026-02-04 14:12:28,906 - INFO - Updated ../input_manuscripts/simple_perfect_layout_easyocr/layout_analysis_output/page-xml-format/3976_0041.xml - 15 lines written.
2026-02-04 14:12:28,907 - INFO - Updated ../input_manuscripts/simple_perfect_layout_easyocr/layout_analysis_output/page-xml-format/3976_0042.xml - 14 lines written.
2026-02-04 14:12:28,908 - INFO - Updated ../input_manuscripts/simple_perfect_layout_easyocr/layout_analysis_output/page-xml-format/3976_0043.xml - 13 lines written.
2026-02-04 14:12:28,909 - INFO - Updated ../input_manuscripts/simple_perfect_layout_easyocr/layout_analysis_output/page-xml-format/3976_0044.xml - 16 lines written.
2026-02-04 14:12:28,910 - INFO - Updated ../input_manuscripts/simple_perfect_layout_easyocr/layout_analysis_output/page-xml-format/3976_0045.xml - 13 lines written.
2026-02-04 14:12:28,910 - INFO - Updated ../input_manuscripts/simple_perfect_layout_easyocr/layout_analysis_output/page-xml-format/3976_0046.xml - 14 lines written.
2026-02-04 14:12:28,911 - INFO - Updated ../input_manuscripts/simple_perfect_layout_easyocr/layout_analysis_output/page-xml-format/3976_0047.xml - 14 lines written.
2026-02-04 14:12:28,912 - INFO - Updated ../input_manuscripts/simple_perfect_layout_easyocr/layout_analysis_output/page-xml-format/3976_0048.xml - 16 lines written.
2026-02-04 14:12:28,913 - INFO - Updated ../input_manuscripts/simple_perfect_layout_easyocr/layout_analysis_output/page-xml-format/3976_0049.xml - 14 lines written.
2026-02-04 14:12:28,914 - INFO - Updated ../input_manuscripts/simple_perfect_layout_easyocr/layout_analysis_output/page-xml-format/3976_0050.xml - 16 lines written.
2026-02-04 14:12:28,914 - INFO - Updated ../input_manuscripts/simple_perfect_layout_easyocr/layout_analysis_output/page-xml-format/3976_0051.xml - 15 lines written.
2026-02-04 14:12:28,915 - INFO - Process completed for manuscript: simple_perfect_layout_easyocr
2026-02-04 14:12:31,632 - INFO - Using device: cuda
2026-02-04 14:12:31,632 - INFO - Loading model from pretrained_model/vadakautuhala.pth...
2026-02-04 14:12:32,957 - INFO - Model loaded successfully (DataParallel prefix stripped).
2026-02-04 14:12:32,957 - INFO - Starting inference on images in: ../input_manuscripts/complex_layout_15_perfect_layout_easyocr/layout_analysis_output/image-format
2026-02-04 14:12:34,043 - INFO - Processed 0 lines...
2026-02-04 14:13:07,424 - INFO - Processed 50 lines...
2026-02-04 14:13:38,045 - INFO - Processed 100 lines...
2026-02-04 14:14:08,131 - INFO - Processed 150 lines...
2026-02-04 14:14:40,380 - INFO - Processed 200 lines...
2026-02-04 14:15:10,725 - INFO - Processed 250 lines...
2026-02-04 14:15:39,440 - INFO - Processed 300 lines...
2026-02-04 14:15:39,506 - INFO - Inference completed. Processed 304 images.
2026-02-04 14:15:39,507 - INFO - Organizing recognized text...
2026-02-04 14:15:39,507 - INFO - Updating PAGE-XML files...
2026-02-04 14:15:39,508 - INFO - Updated ../input_manuscripts/complex_layout_15_perfect_layout_easyocr/layout_analysis_output/page-xml-format/233_0002.xml - 23 lines written.
2026-02-04 14:15:39,509 - INFO - Updated ../input_manuscripts/complex_layout_15_perfect_layout_easyocr/layout_analysis_output/page-xml-format/233_0003.xml - 22 lines written.
2026-02-04 14:15:39,510 - INFO - Updated ../input_manuscripts/complex_layout_15_perfect_layout_easyocr/layout_analysis_output/page-xml-format/233_0004.xml - 13 lines written.
2026-02-04 14:15:39,510 - INFO - Updated ../input_manuscripts/complex_layout_15_perfect_layout_easyocr/layout_analysis_output/page-xml-format/233_0005.xml - 16 lines written.
2026-02-04 14:15:39,511 - INFO - Updated ../input_manuscripts/complex_layout_15_perfect_layout_easyocr/layout_analysis_output/page-xml-format/233_0006.xml - 22 lines written.
2026-02-04 14:15:39,512 - INFO - Updated ../input_manuscripts/complex_layout_15_perfect_layout_easyocr/layout_analysis_output/page-xml-format/233_0007.xml - 15 lines written.
2026-02-04 14:15:39,512 - INFO - Updated ../input_manuscripts/complex_layout_15_perfect_layout_easyocr/layout_analysis_output/page-xml-format/233_0008.xml - 18 lines written.
2026-02-04 14:15:39,513 - INFO - Updated ../input_manuscripts/complex_layout_15_perfect_layout_easyocr/layout_analysis_output/page-xml-format/233_0009.xml - 19 lines written.
2026-02-04 14:15:39,518 - INFO - Updated ../input_manuscripts/complex_layout_15_perfect_layout_easyocr/layout_analysis_output/page-xml-format/233_0010.xml - 20 lines written.
2026-02-04 14:15:39,519 - INFO - Updated ../input_manuscripts/complex_layout_15_perfect_layout_easyocr/layout_analysis_output/page-xml-format/233_0011.xml - 18 lines written.
2026-02-04 14:15:39,520 - INFO - Updated ../input_manuscripts/complex_layout_15_perfect_layout_easyocr/layout_analysis_output/page-xml-format/233_0012.xml - 23 lines written.
2026-02-04 14:15:39,520 - INFO - Updated ../input_manuscripts/complex_layout_15_perfect_layout_easyocr/layout_analysis_output/page-xml-format/233_0013.xml - 21 lines written.
2026-02-04 14:15:39,521 - INFO - Updated ../input_manuscripts/complex_layout_15_perfect_layout_easyocr/layout_analysis_output/page-xml-format/233_0014.xml - 28 lines written.
2026-02-04 14:15:39,522 - INFO - Updated ../input_manuscripts/complex_layout_15_perfect_layout_easyocr/layout_analysis_output/page-xml-format/233_0015.xml - 21 lines written.
2026-02-04 14:15:39,523 - INFO - Updated ../input_manuscripts/complex_layout_15_perfect_layout_easyocr/layout_analysis_output/page-xml-format/233_0016.xml - 25 lines written.
2026-02-04 14:15:39,523 - INFO - Process completed for manuscript: complex_layout_15_perfect_layout_easyocr
2026-02-04 14:46:01,464 - INFO - Using device: cuda
2026-02-04 14:46:01,464 - INFO - Loading model from pretrained_model/vadakautuhala.pth...
2026-02-04 14:46:02,753 - INFO - Model loaded successfully (DataParallel prefix stripped).
2026-02-04 14:46:02,754 - INFO - Starting inference on images in: ../input_manuscripts/complex_layout_15_perfectlayout_easyocr/layout_analysis_output/image-format
2026-02-04 14:46:03,919 - INFO - Processed 0 lines...
2026-02-04 14:46:34,142 - INFO - Processed 50 lines...
2026-02-04 14:47:07,652 - INFO - Processed 100 lines...
2026-02-04 14:47:45,188 - INFO - Processed 150 lines...
2026-02-04 14:48:19,935 - INFO - Processed 200 lines...
2026-02-04 14:48:55,794 - INFO - Processed 250 lines...
2026-02-04 14:49:30,554 - INFO - Processed 300 lines...
2026-02-04 14:49:33,442 - INFO - Inference completed. Processed 304 images.
2026-02-04 14:49:33,442 - INFO - Organizing recognized text...
2026-02-04 14:49:33,443 - INFO - Updating PAGE-XML files...
2026-02-04 14:49:33,444 - INFO - Updated ../input_manuscripts/complex_layout_15_perfectlayout_easyocr/layout_analysis_output/page-xml-format/233_0002.xml - 23 lines written.
2026-02-04 14:49:33,444 - INFO - Updated ../input_manuscripts/complex_layout_15_perfectlayout_easyocr/layout_analysis_output/page-xml-format/233_0003.xml - 22 lines written.
2026-02-04 14:49:33,445 - INFO - Updated ../input_manuscripts/complex_layout_15_perfectlayout_easyocr/layout_analysis_output/page-xml-format/233_0004.xml - 13 lines written.
2026-02-04 14:49:33,445 - INFO - Updated ../input_manuscripts/complex_layout_15_perfectlayout_easyocr/layout_analysis_output/page-xml-format/233_0005.xml - 16 lines written.
2026-02-04 14:49:33,446 - INFO - Updated ../input_manuscripts/complex_layout_15_perfectlayout_easyocr/layout_analysis_output/page-xml-format/233_0006.xml - 22 lines written.
2026-02-04 14:49:33,446 - INFO - Updated ../input_manuscripts/complex_layout_15_perfectlayout_easyocr/layout_analysis_output/page-xml-format/233_0007.xml - 15 lines written.
2026-02-04 14:49:33,447 - INFO - Updated ../input_manuscripts/complex_layout_15_perfectlayout_easyocr/layout_analysis_output/page-xml-format/233_0008.xml - 18 lines written.
2026-02-04 14:49:33,447 - INFO - Updated ../input_manuscripts/complex_layout_15_perfectlayout_easyocr/layout_analysis_output/page-xml-format/233_0009.xml - 19 lines written.
2026-02-04 14:49:33,453 - INFO - Updated ../input_manuscripts/complex_layout_15_perfectlayout_easyocr/layout_analysis_output/page-xml-format/233_0010.xml - 20 lines written.
2026-02-04 14:49:33,456 - INFO - Updated ../input_manuscripts/complex_layout_15_perfectlayout_easyocr/layout_analysis_output/page-xml-format/233_0011.xml - 18 lines written.
2026-02-04 14:49:33,457 - INFO - Updated ../input_manuscripts/complex_layout_15_perfectlayout_easyocr/layout_analysis_output/page-xml-format/233_0012.xml - 23 lines written.
2026-02-04 14:49:33,457 - INFO - Updated ../input_manuscripts/complex_layout_15_perfectlayout_easyocr/layout_analysis_output/page-xml-format/233_0013.xml - 21 lines written.
2026-02-04 14:49:33,458 - INFO - Updated ../input_manuscripts/complex_layout_15_perfectlayout_easyocr/layout_analysis_output/page-xml-format/233_0014.xml - 28 lines written.
2026-02-04 14:49:33,458 - INFO - Updated ../input_manuscripts/complex_layout_15_perfectlayout_easyocr/layout_analysis_output/page-xml-format/233_0015.xml - 21 lines written.
2026-02-04 14:49:33,459 - INFO - Updated ../input_manuscripts/complex_layout_15_perfectlayout_easyocr/layout_analysis_output/page-xml-format/233_0016.xml - 25 lines written.
2026-02-04 14:49:33,459 - INFO - Process completed for manuscript: complex_layout_15_perfectlayout_easyocr
